2010/12/21 16:24:15 [error] [php] include(CCodeGenerator.php) [<a href='function.include'>function.include</a>]: failed to open stream: No such file or directory (C:\wamp\www\yiisns\lib\yii\framework\YiiBase.php:391)
Stack trace:
#0 C:\wamp\www\yiisns\protected\modules\gii\generators\controller\ControllerGenerator.php(4): spl_autoload_call()
#1 C:\wamp\www\yiisns\lib\yii\framework\YiiBase.php(304): require()
#2 C:\wamp\www\yiisns\lib\yii\framework\YiiBase.php(186): import()
#3 C:\wamp\www\yiisns\lib\yii\framework\web\CWebApplication.php(374): createComponent()
#4 C:\wamp\www\yiisns\lib\yii\framework\web\CWebApplication.php(380): CWebApplication->createController()
#5 C:\wamp\www\yiisns\lib\yii\framework\web\CWebApplication.php(318): CWebApplication->createController()
#6 C:\wamp\www\yiisns\lib\yii\framework\web\CWebApplication.php(121): CWebApplication->runController()
#7 C:\wamp\www\yiisns\lib\yii\framework\base\CApplication.php(155): CWebApplication->processRequest()
#8 C:\wamp\www\yiisns\index.php(17): CWebApplication->run()
REQUEST_URI=/yiisns/index.php?r=gii/controller
in C:\wamp\www\yiisns\protected\modules\gii\generators\controller\ControllerGenerator.php (4)
in C:\wamp\www\yiisns\index.php (17)
2010/12/21 16:45:30 [error] [exception.CHttpException.404] exception 'CHttpException' with message 'The system is unable to find the requested action "test".' in C:\wamp\www\yiisns\lib\yii\framework\web\CController.php:444
Stack trace:
#0 C:\wamp\www\yiisns\lib\yii\framework\web\CController.php(262): CController->missingAction('test')
#1 C:\wamp\www\yiisns\lib\yii\framework\web\CWebApplication.php(324): CController->run('test')
#2 C:\wamp\www\yiisns\lib\yii\framework\web\CWebApplication.php(121): CWebApplication->runController('site/test')
#3 C:\wamp\www\yiisns\lib\yii\framework\base\CApplication.php(155): CWebApplication->processRequest()
#4 C:\wamp\www\yiisns\index.php(17): CApplication->run()
#5 {main} REQUEST_URI=/yiisns/index.php/site/test
